<?xml version="1.0" encoding="UTF-8"?>
<!-- Generated by org.testng.reporters.JUnitXMLReporter -->
<testsuite ignored="0" hostname="SAKSHITONAPE" failures="0" tests="2" name="Default test" time="97.083" errors="0" timestamp="2025-06-12T15:02:30 IST">
  <testcase classname="com.crm.generic.baseutility.contacttest.ContactLastNameUsingBaseClassTest" name="contactLastNameStartEndDateTest" time="56.867"/>
  <testcase classname="com.crm.generic.baseutility.contacttest.ContactLastNameUsingBaseClassTest" name="contactLastNameTest" time="19.736"/>
</testsuite> <!-- Default test -->
