<?xml version="1.0" encoding="UTF-8"?>
<testng-results ignored="0" total="4" passed="4" failed="0" skipped="0">
  <reporter-output>
  </reporter-output>
  <suite started-at="2025-06-12T16:04:46 IST" name="Suite" finished-at="2025-06-12T16:06:02 IST" duration-ms="76086">
    <groups>
      <group name="ST">
        <method signature="OrgNameUsingBaseClassTest.orgIndustryTypeTest()[pri:0, instance:com.crm.generic.baseutility.orgtest.OrgNameUsingBaseClassTest@327514f]" name="orgIndustryTypeTest" class="com.crm.generic.baseutility.orgtest.OrgNameUsingBaseClassTest"/>
        <method signature="OrgNameUsingBaseClassTest.orgNameTest()[pri:0, instance:com.crm.generic.baseutility.orgtest.OrgNameUsingBaseClassTest@327514f]" name="orgNameTest" class="com.crm.generic.baseutility.orgtest.OrgNameUsingBaseClassTest"/>
      </group> <!-- ST -->
      <group name="RT">
        <method signature="ContactLastNameUsingBaseClassTest.contactLastNameTest()[pri:0, instance:com.crm.generic.baseutility.contacttest.ContactLastNameUsingBaseClassTest@a1153bc]" name="contactLastNameTest" class="com.crm.generic.baseutility.contacttest.ContactLastNameUsingBaseClassTest"/>
        <method signature="OrgNameUsingBaseClassTest.orgIndustryTypeTest()[pri:0, instance:com.crm.generic.baseutility.orgtest.OrgNameUsingBaseClassTest@327514f]" name="orgIndustryTypeTest" class="com.crm.generic.baseutility.orgtest.OrgNameUsingBaseClassTest"/>
      </group> <!-- RT -->
    </groups>
    <test started-at="2025-06-12T16:04:46 IST" name="TestRunner_Firefox" finished-at="2025-06-12T16:05:58 IST" duration-ms="71690">
      <class name="com.crm.generic.baseutility.contacttest.ContactLastNameUsingBaseClassTest">
        <test-method is-config="true" signature="configCS(java.lang.String)[pri:0, instance:com.crm.generic.baseutility.contacttest.ContactLastNameUsingBaseClassTest@a1153bc]" started-at="2025-06-12T16:04:46 IST" name="configCS" finished-at="2025-06-12T16:04:48 IST" duration-ms="1733" status="PASS">
          <params>
            <param index="0">
              <value>
                <![CDATA[chrome]]>
              </value>
            </param>
          </params>
          <reporter-output>
          </reporter-output>
        </test-method> <!-- configCS -->
        <test-method is-config="true" signature="configBM()[pri:0, instance:com.crm.generic.baseutility.contacttest.ContactLastNameUsingBaseClassTest@a1153bc]" started-at="2025-06-12T16:04:48 IST" name="configBM" finished-at="2025-06-12T16:04:57 IST" duration-ms="8536" status="PASS">
          <reporter-output>
          </reporter-output>
        </test-method> <!-- configBM -->
        <test-method signature="contactLastNameStartEndDateTest()[pri:0, instance:com.crm.generic.baseutility.contacttest.ContactLastNameUsingBaseClassTest@a1153bc]" started-at="2025-06-12T16:04:57 IST" name="contactLastNameStartEndDateTest" finished-at="2025-06-12T16:05:21 IST" duration-ms="24486" status="PASS">
          <reporter-output>
          </reporter-output>
        </test-method> <!-- contactLastNameStartEndDateTest -->
        <test-method is-config="true" signature="configAM()[pri:0, instance:com.crm.generic.baseutility.contacttest.ContactLastNameUsingBaseClassTest@a1153bc]" started-at="2025-06-12T16:05:21 IST" name="configAM" finished-at="2025-06-12T16:05:24 IST" duration-ms="3026" status="PASS">
          <reporter-output>
          </reporter-output>
        </test-method> <!-- configAM -->
        <test-method is-config="true" signature="configBM()[pri:0, instance:com.crm.generic.baseutility.contacttest.ContactLastNameUsingBaseClassTest@a1153bc]" started-at="2025-06-12T16:05:24 IST" name="configBM" finished-at="2025-06-12T16:05:30 IST" duration-ms="6002" status="PASS">
          <reporter-output>
          </reporter-output>
        </test-method> <!-- configBM -->
        <test-method signature="contactLastNameTest()[pri:0, instance:com.crm.generic.baseutility.contacttest.ContactLastNameUsingBaseClassTest@a1153bc]" started-at="2025-06-12T16:05:30 IST" name="contactLastNameTest" finished-at="2025-06-12T16:05:54 IST" duration-ms="24164" status="PASS">
          <reporter-output>
          </reporter-output>
        </test-method> <!-- contactLastNameTest -->
        <test-method is-config="true" signature="configAM()[pri:0, instance:com.crm.generic.baseutility.contacttest.ContactLastNameUsingBaseClassTest@a1153bc]" started-at="2025-06-12T16:05:54 IST" name="configAM" finished-at="2025-06-12T16:05:57 IST" duration-ms="3059" status="PASS">
          <reporter-output>
          </reporter-output>
        </test-method> <!-- configAM -->
        <test-method is-config="true" signature="configAC()[pri:0, instance:com.crm.generic.baseutility.contacttest.ContactLastNameUsingBaseClassTest@a1153bc]" started-at="2025-06-12T16:05:57 IST" name="configAC" finished-at="2025-06-12T16:05:58 IST" duration-ms="641" status="PASS">
          <reporter-output>
          </reporter-output>
        </test-method> <!-- configAC -->
      </class> <!-- com.crm.generic.baseutility.contacttest.ContactLastNameUsingBaseClassTest -->
    </test> <!-- TestRunner_Firefox -->
    <test started-at="2025-06-12T16:04:46 IST" name="TestRunner_Chrome" finished-at="2025-06-12T16:06:02 IST" duration-ms="76086">
      <class name="com.crm.generic.baseutility.orgtest.OrgNameUsingBaseClassTest">
        <test-method is-config="true" signature="configBS()[pri:0, instance:com.crm.generic.baseutility.orgtest.OrgNameUsingBaseClassTest@327514f]" started-at="2025-06-12T16:04:46 IST" name="configBS" finished-at="2025-06-12T16:04:46 IST" duration-ms="424" status="PASS">
          <reporter-output>
          </reporter-output>
        </test-method> <!-- configBS -->
        <test-method is-config="true" signature="configCS(java.lang.String)[pri:0, instance:com.crm.generic.baseutility.orgtest.OrgNameUsingBaseClassTest@327514f]" started-at="2025-06-12T16:04:46 IST" name="configCS" finished-at="2025-06-12T16:04:50 IST" duration-ms="4112" status="PASS">
          <params>
            <param index="0">
              <value>
                <![CDATA[edge]]>
              </value>
            </param>
          </params>
          <reporter-output>
          </reporter-output>
        </test-method> <!-- configCS -->
        <test-method is-config="true" signature="configBM()[pri:0, instance:com.crm.generic.baseutility.orgtest.OrgNameUsingBaseClassTest@327514f]" started-at="2025-06-12T16:04:50 IST" name="configBM" finished-at="2025-06-12T16:04:59 IST" duration-ms="8224" status="PASS">
          <reporter-output>
          </reporter-output>
        </test-method> <!-- configBM -->
        <test-method signature="orgIndustryTypeTest()[pri:0, instance:com.crm.generic.baseutility.orgtest.OrgNameUsingBaseClassTest@327514f]" started-at="2025-06-12T16:04:59 IST" name="orgIndustryTypeTest" finished-at="2025-06-12T16:05:24 IST" duration-ms="25339" status="PASS">
          <reporter-output>
          </reporter-output>
        </test-method> <!-- orgIndustryTypeTest -->
        <test-method is-config="true" signature="configAM()[pri:0, instance:com.crm.generic.baseutility.orgtest.OrgNameUsingBaseClassTest@327514f]" started-at="2025-06-12T16:05:24 IST" name="configAM" finished-at="2025-06-12T16:05:27 IST" duration-ms="2727" status="PASS">
          <reporter-output>
          </reporter-output>
        </test-method> <!-- configAM -->
        <test-method is-config="true" signature="configBM()[pri:0, instance:com.crm.generic.baseutility.orgtest.OrgNameUsingBaseClassTest@327514f]" started-at="2025-06-12T16:05:27 IST" name="configBM" finished-at="2025-06-12T16:05:34 IST" duration-ms="7141" status="PASS">
          <reporter-output>
          </reporter-output>
        </test-method> <!-- configBM -->
        <test-method signature="orgNameTest()[pri:0, instance:com.crm.generic.baseutility.orgtest.OrgNameUsingBaseClassTest@327514f]" started-at="2025-06-12T16:05:34 IST" name="orgNameTest" finished-at="2025-06-12T16:05:58 IST" duration-ms="23802" status="PASS">
          <reporter-output>
          </reporter-output>
        </test-method> <!-- orgNameTest -->
        <test-method is-config="true" signature="configAM()[pri:0, instance:com.crm.generic.baseutility.orgtest.OrgNameUsingBaseClassTest@327514f]" started-at="2025-06-12T16:05:58 IST" name="configAM" finished-at="2025-06-12T16:06:01 IST" duration-ms="3024" status="PASS">
          <reporter-output>
          </reporter-output>
        </test-method> <!-- configAM -->
        <test-method is-config="true" signature="configAC()[pri:0, instance:com.crm.generic.baseutility.orgtest.OrgNameUsingBaseClassTest@327514f]" started-at="2025-06-12T16:06:01 IST" name="configAC" finished-at="2025-06-12T16:06:02 IST" duration-ms="1699" status="PASS">
          <reporter-output>
          </reporter-output>
        </test-method> <!-- configAC -->
        <test-method is-config="true" signature="configAS()[pri:0, instance:com.crm.generic.baseutility.orgtest.OrgNameUsingBaseClassTest@327514f]" started-at="2025-06-12T16:06:02 IST" name="configAS" finished-at="2025-06-12T16:06:02 IST" duration-ms="3" status="PASS">
          <reporter-output>
          </reporter-output>
        </test-method> <!-- configAS -->
      </class> <!-- com.crm.generic.baseutility.orgtest.OrgNameUsingBaseClassTest -->
    </test> <!-- TestRunner_Chrome -->
  </suite> <!-- Suite -->
</testng-results>
