<?xml version="1.0" encoding="UTF-8"?>
<!-- Generated by org.testng.reporters.JUnitXMLReporter -->
<testsuite ignored="0" hostname="SAKSHITONAPE" failures="0" tests="2" name="Test_1" time="68.079" errors="0" timestamp="2025-06-12T15:34:46 IST">
  <testcase classname="com.crm.generic.baseutility.orgtest.OrgNameUsingBaseClassTest" name="orgIndustryTypeTest" time="21.409"/>
  <testcase classname="com.crm.generic.baseutility.orgtest.OrgNameUsingBaseClassTest" name="orgNameTest" time="21.197"/>
</testsuite> <!-- Test_1 -->
