<?xml version="1.0" encoding="UTF-8"?>
<!-- Generated by org.testng.reporters.JUnitXMLReporter -->
<testsuite ignored="0" hostname="SAKSHITONAPE" failures="0" tests="2" name="Test_2" time="69.212" errors="0" timestamp="2025-06-12T15:34:47 IST">
  <testcase classname="com.crm.generic.baseutility.contacttest.ContactLastNameUsingBaseClassTest" name="contactLastNameStartEndDateTest" time="20.565"/>
  <testcase classname="com.crm.generic.baseutility.contacttest.ContactLastNameUsingBaseClassTest" name="contactLastNameTest" time="20.61"/>
</testsuite> <!-- Test_2 -->
