<?xml version="1.0" encoding="UTF-8"?>
<!-- Generated by org.testng.reporters.JUnitXMLReporter -->
<testsuite ignored="0" hostname="SAKSHITONAPE" failures="0" tests="2" name="TestRunner_Chrome" time="76.086" errors="0" timestamp="2025-06-12T16:06:02 IST">
  <testcase classname="com.crm.generic.baseutility.orgtest.OrgNameUsingBaseClassTest" name="orgIndustryTypeTest" time="25.339"/>
  <testcase classname="com.crm.generic.baseutility.orgtest.OrgNameUsingBaseClassTest" name="orgNameTest" time="23.802"/>
</testsuite> <!-- TestRunner_Chrome -->
