<?xml version="1.0" encoding="UTF-8"?>
<!-- Generated by org.testng.reporters.JUnitXMLReporter -->
<testsuite ignored="0" hostname="SAKSHITONAPE" failures="0" tests="2" name="TestRunner_Firefox" time="71.69" errors="0" timestamp="2025-06-12T16:05:58 IST">
  <testcase classname="com.crm.generic.baseutility.contacttest.ContactLastNameUsingBaseClassTest" name="contactLastNameStartEndDateTest" time="24.486"/>
  <testcase classname="com.crm.generic.baseutility.contacttest.ContactLastNameUsingBaseClassTest" name="contactLastNameTest" time="24.164"/>
</testsuite> <!-- TestRunner_Firefox -->
