<?xml version="1.0" encoding="UTF-8"?>
<!-- Generated by org.testng.reporters.JUnitXMLReporter -->
<testsuite ignored="4" hostname="SAKSHITONAPE" failures="0" tests="2" name="Test" time="68.554" errors="0" timestamp="2025-06-12T15:29:18 IST">
  <testcase classname="com.crm.generic.baseutility.contacttest.ContactLastNameUsingBaseClassTest" name="contactLastNameStartEndDateTest" time="20.01"/>
  <testcase classname="com.crm.generic.baseutility.orgtest.OrgNameUsingBaseClassTest" name="orgNameTest" time="15.92"/>
  <testcase classname="com.crm.generic.baseutility.BaseClass" name="@AfterSuite configAS" time="0.0">
    <ignored/>
  </testcase> <!-- @AfterSuite configAS -->
  <testcase classname="com.crm.generic.baseutility.BaseClass" name="@BeforeSuite configBS" time="0.0">
    <ignored/>
  </testcase> <!-- @BeforeSuite configBS -->
  <testcase classname="com.crm.generic.baseutility.contacttest.ContactLastNameUsingBaseClassTest" name="contactLastNameTest" time="0.0">
    <ignored/>
  </testcase> <!-- contactLastNameTest -->
  <testcase classname="com.crm.generic.baseutility.orgtest.OrgNameUsingBaseClassTest" name="orgIndustryTypeTest" time="0.0">
    <ignored/>
  </testcase> <!-- orgIndustryTypeTest -->
</testsuite> <!-- Test -->
